2020/08/29 23:42:29 {"callers":["/home/pororo/go-programming-tour-book/blog-service/main.go: 21 main.init.0"],"level":"info","message":"eddycjy:go-programming-tour-book/blog-service","time":1598715749492453452}
2020/08/29 23:43:21 {"callers":["/home/pororo/go-programming-tour-book/blog-service/main.go: 21 main.init.0"],"level":"info","message":"eddycjy:go-programming-tour-book/blog-service","time":1598715801875995504}
2020/08/29 23:44:11 {"callers":["/home/pororo/go-programming-tour-book/blog-service/main.go: 22 main.init.0"],"level":"info","message":"eddycjy:go-programming-tour-book/blog-service","time":1598715851991304180}
2020/08/29 23:46:04 {"callers":["/home/pororo/go-programming-tour-book/blog-service/main.go: 21 main.init.0"],"level":"info","message":"eddycjy:go-programming-tour-book/blog-service","time":1598715964951754103}
2020/08/30 09:53:08 {"callers":["/home/pororo/go-programming-tour-book/blog-service/main.go: 21 main.init.0"],"level":"info","message":"eddycjy:go-programming-tour-book/blog-service","time":1598752388224060040}
2020/08/30 11:46:03 {"callers":["/home/pororo/go-programming-tour-book/blog-service/main.go: 21 main.init.0"],"level":"info","message":"eddycjy:go-programming-tour-book/blog-service","time":1598759163479970301}
2020/08/30 11:49:45 {"callers":["/home/pororo/go-programming-tour-book/blog-service/main.go: 21 main.init.0"],"level":"info","message":"eddycjy:go-programming-tour-book/blog-service","time":1598759385499798305}
2020/09/04 07:54:15 {"callers":["/home/pororo/go-programming-tour-book/blog-service/main.go: 21 main.init.0"],"level":"info","message":"eddycjy:go-programming-tour-book/blog-service","time":1599177255930934740}
2020/09/04 07:57:35 {"callers":["/home/pororo/go-programming-tour-book/blog-service/main.go: 21 main.init.0"],"level":"info","message":"eddycjy:go-programming-tour-book/blog-service","time":1599177455048692599}
2020/09/04 07:59:42 {"callers":["/home/pororo/go-programming-tour-book/blog-service/main.go: 21 main.init.0"],"level":"info","message":"eddycjy:go-programming-tour-book/blog-service","time":1599177582631436613}
2020/09/06 11:36:46 {"callers":["/home/pororo/go-programming-tour-book/blog-service/main.go: 21 main.init.0"],"level":"info","message":"eddycjy:go-programming-tour-book/blog-service","time":1599363406734524712}
2020/09/06 11:39:28 {"callers":["/home/pororo/go-programming-tour-book/blog-service/main.go: 21 main.init.0"],"level":"error","message":"app.bingAndValid errs: ID为必填字段,Name长度必须至少为3个字符,ModifiedBy为必填字段","time":1599363568512765901}
2020/09/06 11:41:34 {"callers":["/home/pororo/go-programming-tour-book/blog-service/main.go: 21 main.init.0"],"level":"info","message":"eddycjy:go-programming-tour-book/blog-service","time":1599363694347374680}
2020/09/06 11:41:45 {"callers":["/home/pororo/go-programming-tour-book/blog-service/main.go: 21 main.init.0"],"level":"error","message":"app.bingAndValid errs: CreateBy为必填字段,Name长度必须至少为3个字符","time":1599363705472824938}
2020/09/06 11:42:46 {"callers":["/home/pororo/go-programming-tour-book/blog-service/main.go: 21 main.init.0"],"level":"info","message":"eddycjy:go-programming-tour-book/blog-service","time":1599363766379767480}
2020/09/06 11:46:06 {"callers":["/home/pororo/go-programming-tour-book/blog-service/main.go: 22 main.init.0"],"level":"info","message":"eddycjy:go-programming-tour-book/blog-service","time":1599363966987142999}
2020/09/06 11:46:10 {"callers":["/home/pororo/go-programming-tour-book/blog-service/main.go: 22 main.init.0"],"level":"error","message":"svc.GetTagList err: Error 1146: Table 'blog_service.blog_table' doesn't exist","time":1599363970992980880}
2020/09/06 11:52:10 {"callers":["/home/pororo/go-programming-tour-book/blog-service/main.go: 22 main.init.0"],"level":"info","message":"eddycjy:go-programming-tour-book/blog-service","time":1599364330763206774}
2020/09/06 11:52:13 {"callers":["/home/pororo/go-programming-tour-book/blog-service/main.go: 22 main.init.0"],"level":"error","message":"svc.GetTagList err: Error 1054: Unknown column 'modifid_by' in 'field list'","time":1599364333644228588}
2020/09/06 11:57:11 {"callers":["/home/pororo/go-programming-tour-book/blog-service/main.go: 22 main.init.0"],"level":"info","message":"eddycjy:go-programming-tour-book/blog-service","time":1599364631528881787}
2020/09/06 12:23:41 {"callers":["/home/pororo/go-programming-tour-book/blog-service/main.go: 22 main.init.0"],"level":"error","message":"app.bingAndValid errs: Name长度必须至少为3个字符","time":1599366221669747839}
2020/09/06 12:38:46 {"callers":["/home/pororo/go-programming-tour-book/blog-service/main.go: 22 main.init.0"],"level":"error","message":"app.bingAndValid errs: Name为必填字段,ModifiedBy为必填字段","time":1599367126802281405}
2020/09/06 12:40:07 {"callers":["/home/pororo/go-programming-tour-book/blog-service/main.go: 22 main.init.0"],"level":"info","message":"eddycjy:go-programming-tour-book/blog-service","time":1599367207899655151}
2020/09/06 12:40:15 {"callers":["/home/pororo/go-programming-tour-book/blog-service/main.go: 22 main.init.0"],"level":"error","message":"app.bingAndValid errs: Name长度必须至少为3个字符","time":1599367215984266057}
2020/09/06 12:42:00 {"callers":["/home/pororo/go-programming-tour-book/blog-service/main.go: 22 main.init.0"],"level":"error","message":"app.bingAndValid errs: Name长度必须至少为3个字符","time":1599367320696518690}
2020/09/06 12:52:02 {"callers":["/home/pororo/go-programming-tour-book/blog-service/main.go: 22 main.init.0"],"level":"error","message":"app.bingAndValid errs: Name长度必须至少为3个字符","time":1599367922422472785}
2020/09/06 14:10:00 {"callers":["/home/pororo/go-programming-tour-book/blog-service/main.go: 22 main.init.0"],"level":"info","message":"eddycjy:go-programming-tour-book/blog-service","time":1599372600170153073}
2020/09/06 14:10:11 {"callers":["/home/pororo/go-programming-tour-book/blog-service/main.go: 22 main.init.0"],"level":"error","message":"svc.UpdateTag err: sql: expected 6 arguments, got 5","time":1599372611656295384}
2020/09/06 14:11:03 {"callers":["/home/pororo/go-programming-tour-book/blog-service/main.go: 22 main.init.0"],"level":"info","message":"eddycjy:go-programming-tour-book/blog-service","time":1599372663504978317}
